TN:
SF:src/contracts/DefaultReserveInterestRateStrategy.sol
FN:37,DefaultReserveInterestRateStrategy.
FNDA:144,DefaultReserveInterestRateStrategy.
DA:39,144
FN:43,DefaultReserveInterestRateStrategy.setInterestRateParams
FNDA:227,DefaultReserveInterestRateStrategy.setInterestRateParams
DA:48,227
BRDA:48,0,0,-
BRDA:48,0,1,227
DA:54,227
BRDA:54,1,0,-
BRDA:54,1,1,227
DA:60,227
BRDA:60,2,0,-
BRDA:60,2,1,227
DA:68,227
DA:69,227
FN:79,DefaultReserveInterestRateStrategy.getInterestRateData
FNDA:0,DefaultReserveInterestRateStrategy.getInterestRateData
DA:80,0
FN:84,DefaultReserveInterestRateStrategy.getOptimalUsageRatio
FNDA:1,DefaultReserveInterestRateStrategy.getOptimalUsageRatio
DA:85,1
FN:89,DefaultReserveInterestRateStrategy.getVariableRateSlope1
FNDA:2,DefaultReserveInterestRateStrategy.getVariableRateSlope1
DA:90,2
FN:94,DefaultReserveInterestRateStrategy.getVariableRateSlope2
FNDA:1,DefaultReserveInterestRateStrategy.getVariableRateSlope2
DA:95,1
FN:99,DefaultReserveInterestRateStrategy.getBaseVariableBorrowRate
FNDA:2,DefaultReserveInterestRateStrategy.getBaseVariableBorrowRate
DA:100,2
FN:104,DefaultReserveInterestRateStrategy.getMaxVariableBorrowRate
FNDA:1,DefaultReserveInterestRateStrategy.getMaxVariableBorrowRate
DA:105,1
DA:106,1
FN:112,DefaultReserveInterestRateStrategy.calculateInterestRates
FNDA:370410,DefaultReserveInterestRateStrategy.calculateInterestRates
DA:115,370410
DA:122,370410
BRDA:122,3,0,24
DA:123,24
DA:126,370386
DA:128,370386
DA:130,370386
DA:131,370386
DA:133,370386
BRDA:133,4,0,15
BRDA:133,4,1,370371
DA:134,15
DA:139,15
DA:140,15
DA:142,370371
DA:145,15
BRDA:145,5,0,2
BRDA:145,5,1,13
DA:146,2
DA:149,2
DA:153,2
DA:155,13
DA:158,13
FNF:9
FNH:8
LF:31
LH:30
BRF:11
BRH:8
end_of_record
TN:
SF:src/contracts/LiquidityHub.sol
FN:53,LiquidityHub.getAsset
FNDA:20,LiquidityHub.getAsset
DA:54,20
FN:57,LiquidityHub.getSpoke
FNDA:58,LiquidityHub.getSpoke
DA:58,58
FN:61,LiquidityHub.getSpokeConfig
FNDA:5,LiquidityHub.getSpokeConfig
DA:65,5
FN:72,LiquidityHub.updateAndGetAssetBalance
FNDA:0,LiquidityHub.updateAndGetAssetBalance
DA:73,0
DA:74,0
DA:75,0
FN:78,LiquidityHub.updateAndGetShareBalance
FNDA:0,LiquidityHub.updateAndGetShareBalance
DA:79,0
DA:80,0
DA:81,0
FN:88,LiquidityHub.addAsset
FNDA:225,LiquidityHub.addAsset
DA:90,225
DA:91,225
DA:104,225
FN:109,LiquidityHub.updateAssetConfig
FNDA:4,LiquidityHub.updateAssetConfig
DA:111,4
FN:120,LiquidityHub.addSpoke
FNDA:10374,LiquidityHub.addSpoke
DA:122,10374
FN:125,LiquidityHub.addSpokes
FNDA:2,LiquidityHub.addSpokes
DA:132,2
BRDA:132,0,0,-
BRDA:132,0,1,2
DA:133,2
DA:134,3
FN:138,LiquidityHub.updateSpokeConfig
FNDA:2,LiquidityHub.updateSpokeConfig
DA:144,2
FN:157,LiquidityHub.supply
FNDA:280259,LiquidityHub.supply
DA:161,280259
DA:162,280259
DA:165,280259
DA:166,280259
DA:169,280257
DA:170,280257
BRDA:170,1,0,-
BRDA:170,1,1,280257
DA:172,280257
DA:173,280257
DA:174,280257
DA:176,280257
DA:177,280257
DA:178,280257
DA:179,280257
DA:180,280257
DA:181,280257
DA:188,280257
DA:190,280257
FN:193,LiquidityHub.withdraw
FNDA:14,LiquidityHub.withdraw
DA:201,14
DA:202,14
DA:204,14
DA:205,14
DA:207,9
DA:208,9
DA:209,9
DA:210,9
DA:212,9
DA:213,9
DA:214,9
DA:216,9
DA:218,9
DA:220,9
FN:223,LiquidityHub.draw
FNDA:90097,LiquidityHub.draw
DA:231,90097
DA:232,90097
DA:234,90097
DA:236,90097
DA:237,90097
DA:239,90094
DA:240,90094
DA:241,90094
DA:243,90094
DA:245,90094
DA:247,90094
DA:249,90094
FN:251,LiquidityHub.restore
FNDA:11,LiquidityHub.restore
DA:259,11
DA:260,11
DA:262,11
DA:263,11
DA:264,11
DA:266,11
DA:267,11
DA:268,11
DA:270,9
DA:271,9
DA:273,9
DA:274,9
DA:275,9
DA:280,9
DA:282,9
FN:289,LiquidityHub.convertAssetsToSharesUp
FNDA:14,LiquidityHub.convertAssetsToSharesUp
DA:290,90108
FN:293,LiquidityHub.convertAssetsToSharesDown
FNDA:78,LiquidityHub.convertAssetsToSharesDown
DA:297,280356
FN:300,LiquidityHub.convertSharesToAssetsUp
FNDA:190229,LiquidityHub.convertSharesToAssetsUp
DA:301,660707
FN:304,LiquidityHub.convertSharesToAssetsDown
FNDA:260371,LiquidityHub.convertSharesToAssetsDown
DA:308,260384
FN:311,LiquidityHub.getBaseInterestRate
FNDA:450587,LiquidityHub.getBaseInterestRate
DA:312,450587
FN:317,LiquidityHub.getSpokeDrawnLiquidity
FNDA:0,LiquidityHub.getSpokeDrawnLiquidity
DA:318,0
DA:319,0
FN:325,LiquidityHub.getTotalDrawnLiquidity
FNDA:0,LiquidityHub.getTotalDrawnLiquidity
DA:326,0
DA:327,0
FN:337,LiquidityHub._validateSupply
FNDA:280259,LiquidityHub._validateSupply
DA:338,280259
BRDA:338,2,0,-
BRDA:338,2,1,280259
DA:340,280259
BRDA:340,3,0,1
BRDA:340,3,1,280258
DA:341,280258
BRDA:341,4,0,1
BRDA:341,4,1,280257
FN:348,LiquidityHub._validateWithdraw
FNDA:14,LiquidityHub._validateWithdraw
DA:355,14
BRDA:355,5,0,1
BRDA:355,5,1,13
DA:356,13
BRDA:356,6,0,4
BRDA:356,6,1,9
DA:360,9
BRDA:360,7,0,-
BRDA:360,7,1,9
FN:366,LiquidityHub._validateDraw
FNDA:90097,LiquidityHub._validateDraw
DA:368,90097
BRDA:368,8,0,1
BRDA:368,8,1,90096
DA:369,90096
DA:370,90096
BRDA:370,9,0,1
BRDA:370,9,1,90095
DA:371,90095
BRDA:371,10,0,1
BRDA:371,10,1,90094
FN:374,LiquidityHub._validateRestore
FNDA:11,LiquidityHub._validateRestore
DA:380,11
BRDA:380,11,0,1
BRDA:380,11,1,10
DA:383,10
BRDA:383,12,0,1
BRDA:383,12,1,9
FN:386,LiquidityHub._updateState
FNDA:370381,LiquidityHub._updateState
DA:395,370381
DA:398,370381
DA:411,370381
DA:414,370381
FN:417,LiquidityHub._accrueAssetInterest
FNDA:370381,LiquidityHub._accrueAssetInterest
DA:418,370381
DA:419,370381
BRDA:419,13,0,9992
DA:421,9992
DA:422,9992
DA:425,9992
DA:426,9992
DA:429,9992
FN:433,LiquidityHub._calculateWeightedInterestRate
FNDA:370381,LiquidityHub._calculateWeightedInterestRate
FN:442,LiquidityHub._addSpoke
FNDA:10377,LiquidityHub._addSpoke
DA:443,10377
BRDA:443,14,0,2
BRDA:443,14,1,10375
DA:444,10375
DA:450,10375
FNF:29
FNH:25
LF:111
LH:101
BRF:29
BRH:25
end_of_record
TN:
SF:src/contracts/MathUtils.sol
FN:23,MathUtils.calculateLinearInterest
FNDA:9992,MathUtils.calculateLinearInterest
DA:28,9992
DA:30,9992
DA:33,9992
FN:50,MathUtils.calculateCompoundedInterest
FNDA:450587,MathUtils.calculateCompoundedInterest
DA:56,450587
DA:58,450587
BRDA:58,0,0,-
DA:59,0
DA:62,450587
DA:63,450587
DA:64,450587
DA:65,450587
DA:67,450587
DA:69,450587
DA:71,450587
DA:72,450587
DA:75,450587
DA:77,450587
DA:79,450587
DA:81,450587
DA:84,450587
FN:93,MathUtils.calculateCompoundedInterest
FNDA:0,MathUtils.calculateCompoundedInterest
DA:97,0
FN:109,MathUtils.addToWeightedAverage
FNDA:8969430,MathUtils.addToWeightedAverage
DA:117,8969430
BRDA:117,1,0,110076
DA:118,110076
DA:121,8859354
BRDA:121,2,0,70021
DA:122,70021
DA:125,8789333
DA:126,8789333
DA:130,8789333
FN:144,MathUtils.subtractFromWeightedAverage
FNDA:1186060,MathUtils.subtractFromWeightedAverage
DA:151,1186060
DA:153,1171538
DA:154,1171498
BRDA:154,5,0,31
DA:156,1171467
DA:157,1171467
DA:159,1171467
BRDA:159,6,0,1031
DA:161,1170436
DA:162,1170436
DA:164,1170436
FNF:5
FNH:4
LF:36
LH:34
BRF:5
BRH:4
end_of_record
TN:
SF:src/contracts/PercentageMath.sol
FN:25,PercentageMath.percentMul
FNDA:124757,PercentageMath.percentMul
DA:28,124757
BRDA:28,0,0,-
DA:34,0
DA:37,124757
FN:48,PercentageMath.percentDiv
FNDA:57116,PercentageMath.percentDiv
DA:51,57116
BRDA:51,1,0,-
DA:55,0
DA:58,57116
FNF:2
FNH:2
LF:6
LH:4
BRF:2
BRH:0
end_of_record
TN:
SF:src/contracts/SharesMath.sol
FN:9,SharesMath.toSharesDown
FNDA:290348,SharesMath.toSharesDown
DA:14,290348
DA:15,99
FN:18,SharesMath.toAssetsDown
FNDA:260385,SharesMath.toAssetsDown
DA:23,260385
DA:24,260384
FN:27,SharesMath.toSharesUp
FNDA:90108,SharesMath.toSharesUp
DA:32,90108
DA:33,90108
FN:36,SharesMath.toAssetsUp
FNDA:660707,SharesMath.toAssetsUp
DA:41,660707
DA:42,360447
FNF:4
FNH:4
LF:8
LH:8
BRF:0
BRH:0
end_of_record
TN:
SF:src/contracts/Spoke.sol
FN:110,Spoke.
FNDA:182,Spoke.
DA:111,182
DA:112,182
FN:115,Spoke.getReserveDebt
FNDA:0,Spoke.getReserveDebt
DA:116,0
DA:123,0
FN:130,Spoke.supply
FNDA:270272,Spoke.supply
DA:131,270272
DA:133,270272
DA:135,270271
DA:136,270271
DA:137,270271
DA:143,270271
DA:145,270271
FN:148,Spoke.withdraw
FNDA:1,Spoke.withdraw
DA:149,1
DA:150,1
DA:151,1
DA:153,1
DA:154,1
DA:160,1
DA:162,1
FN:165,Spoke.borrow
FNDA:90090,Spoke.borrow
DA:168,90090
DA:169,90090
DA:172,90089
DA:173,90089
DA:180,90089
DA:182,90089
FN:185,Spoke.repay
FNDA:2,Spoke.repay
DA:189,2
DA:190,2
DA:191,2
DA:193,1
DA:194,1
DA:195,1
DA:200,1
DA:202,1
FN:205,Spoke.liquidationCall
FNDA:13,Spoke.liquidationCall
DA:214,13
DA:216,13
BRDA:216,0,0,1
BRDA:216,0,1,12
DA:218,12
DA:219,12
DA:220,12
DA:222,12
DA:225,12
DA:235,12
DA:238,7
DA:251,7
DA:253,7
DA:265,7
DA:266,7
DA:271,7
DA:272,7
DA:275,7
DA:277,2
BRDA:277,1,0,2
DA:278,2
DA:279,2
DA:283,7
DA:286,7
DA:292,7
DA:298,7
DA:305,7
DA:308,7
DA:309,7
DA:312,7
DA:313,7
BRDA:313,2,0,4
DA:314,4
DA:320,7
FN:330,Spoke.getUserRiskPremium
FNDA:5,Spoke.getUserRiskPremium
DA:331,5
DA:332,5
FN:335,Spoke.getHealthFactor
FNDA:43,Spoke.getHealthFactor
DA:336,43
DA:337,43
FN:344,Spoke.addReserve
FNDA:402,Spoke.addReserve
DA:351,402
DA:352,402
DA:353,402
DA:354,402
DA:355,402
DA:362,402
FN:367,Spoke.updateReserveConfig
FNDA:10031,Spoke.updateReserveConfig
DA:370,10031
DA:378,10031
FN:382,Spoke.getReserve
FNDA:220233,Spoke.getReserve
DA:383,450601
FN:386,Spoke.getUser
FNDA:78,Spoke.getUser
DA:387,230446
DA:388,230446
FN:392,Spoke.getInterestRate
FNDA:0,Spoke.getInterestRate
DA:395,450587
FN:399,Spoke.getUserDebtInAssets
FNDA:60048,Spoke.getUserDebtInAssets
DA:400,190227
DA:401,190227
FN:408,Spoke.getUserDebtInShares
FNDA:0,Spoke.getUserDebtInShares
DA:409,190235
DA:411,190235
FN:415,Spoke.getUserSupplyInAssets
FNDA:120103,Spoke.getUserSupplyInAssets
DA:416,260345
DA:417,260345
FN:424,Spoke.getUserSupplyInShares
FNDA:0,Spoke.getUserSupplyInShares
DA:425,260352
DA:426,260352
FN:430,Spoke.setUsingAsCollateral
FNDA:140148,Spoke.setUsingAsCollateral
DA:431,140148
FN:435,Spoke.getLiquidationThreshold
FNDA:0,Spoke.getLiquidationThreshold
DA:436,9
FN:440,Spoke.getLiquidationProtocolFeePercentage
FNDA:40032,Spoke.getLiquidationProtocolFeePercentage
DA:441,40032
FN:445,Spoke.getLiquidationBonus
FNDA:30024,Spoke.getLiquidationBonus
DA:446,30024
FN:450,Spoke._validateSupply
FNDA:270272,Spoke._validateSupply
DA:452,270272
BRDA:452,3,0,1
BRDA:452,3,1,270271
FN:455,Spoke._validateWithdraw
FNDA:1,Spoke._validateWithdraw
DA:461,1
BRDA:461,4,0,-
BRDA:461,4,1,1
FN:467,Spoke._validateBorrow
FNDA:90090,Spoke._validateBorrow
DA:468,90090
BRDA:468,5,0,1
BRDA:468,5,1,90089
FN:472,Spoke._validateRepay
FNDA:2,Spoke._validateRepay
DA:473,2
BRDA:473,6,0,1
BRDA:473,6,1,1
FN:483,Spoke._refreshRiskPremium
FNDA:360376,Spoke._refreshRiskPremium
DA:487,360376
DA:489,360376
DA:490,360376
FN:493,Spoke._validateSetUsingAsCollateral
FNDA:140150,Spoke._validateSetUsingAsCollateral
DA:494,140150
BRDA:494,7,0,1
BRDA:494,7,1,140149
DA:495,140149
BRDA:495,8,0,1
BRDA:495,8,1,140148
FN:498,Spoke._usingAsCollateralOrBorrowing
FNDA:360548,Spoke._usingAsCollateralOrBorrowing
DA:502,360548
FN:505,Spoke._usingAsCollateral
FNDA:590928,Spoke._usingAsCollateral
DA:506,590928
FN:509,Spoke._borrowing
FNDA:220313,Spoke._borrowing
DA:510,220313
FN:520,Spoke._calculateUserAccountData
FNDA:90137,Spoke._calculateUserAccountData
DA:523,90137
DA:524,90137
DA:525,450685
DA:526,360548
DA:527,360548
BRDA:527,9,0,130180
DA:528,130180
DA:529,130180
DA:532,230368
DA:533,230368
DA:535,230368
DA:537,230368
BRDA:537,10,0,140235
DA:538,140235
DA:541,140235
DA:542,140235
DA:543,140235
DA:544,140235
DA:547,230368
DA:551,230368
DA:554,90137
DA:558,90137
DA:562,90137
DA:568,90137
DA:569,90137
DA:570,90137
DA:571,90137
DA:572,90137
DA:574,90137
FN:583,Spoke._calculateAccruedInterest
FNDA:450587,Spoke._calculateAccruedInterest
DA:588,450587
DA:589,450587
FN:594,Spoke._validateLiquidationCall
FNDA:12,Spoke._validateLiquidationCall
DA:604,12
DA:605,9
DA:607,12
BRDA:607,11,0,2
BRDA:607,11,1,10
DA:611,10
BRDA:611,12,0,2
BRDA:611,12,1,8
DA:612,8
BRDA:612,13,0,1
BRDA:612,13,1,7
FN:625,Spoke._calculateActualDebtToLiquidate
FNDA:40046,Spoke._calculateActualDebtToLiquidate
DA:635,40046
DA:637,40046
DA:639,40046
DA:641,40046
DA:645,40046
DA:646,40046
DA:653,40046
DA:656,40046
DA:660,40046
DA:667,40046
DA:671,40046
DA:672,40046
DA:673,40046
DA:675,40046
DA:680,40046
DA:684,40046
DA:686,40046
DA:689,40046
DA:690,40046
FN:698,Spoke._calculateAvailableCollateralToLiquidate
FNDA:20030,Spoke._calculateAvailableCollateralToLiquidate
DA:705,20030
DA:707,20030
DA:709,20030
DA:710,20030
DA:712,20030
DA:713,20030
DA:714,20030
DA:715,20030
DA:717,20030
DA:720,20030
DA:724,20030
DA:726,20030
BRDA:726,14,0,3536
BRDA:726,14,1,16494
DA:727,3536
DA:729,3536
DA:730,3536
DA:736,16494
DA:737,16494
DA:738,16494
DA:741,20030
BRDA:741,15,0,10016
BRDA:741,15,1,10014
DA:742,10016
DA:743,10016
DA:747,10016
DA:751,10016
DA:752,10016
DA:753,10016
DA:754,10016
DA:755,10016
DA:757,10016
DA:763,10014
DA:764,10014
FN:774,Spoke._setUsingAsCollateral
FNDA:140150,Spoke._setUsingAsCollateral
DA:775,140150
DA:776,140148
DA:778,140148
FNF:37
FNH:32
LF:188
LH:186
BRF:28
BRH:27
end_of_record
TN:
SF:src/contracts/WadRayMath.sol
FN:34,WadRayMath.wadMul
FNDA:270333,WadRayMath.wadMul
DA:37,270333
BRDA:37,0,0,-
DA:38,0
DA:41,270333
FN:52,WadRayMath.wadDiv
FNDA:265026,WadRayMath.wadDiv
DA:55,265026
BRDA:55,1,0,-
DA:56,0
DA:59,265026
FN:70,WadRayMath.rayMul
FNDA:1361753,WadRayMath.rayMul
DA:73,1361753
BRDA:73,2,0,-
DA:74,0
DA:77,1361753
FN:88,WadRayMath.rayDiv
FNDA:0,WadRayMath.rayDiv
DA:91,0
BRDA:91,3,0,-
DA:92,0
DA:95,0
FN:105,WadRayMath.rayToWad
FNDA:0,WadRayMath.rayToWad
DA:107,0
DA:108,0
DA:109,0
BRDA:109,4,0,-
DA:110,0
FN:121,WadRayMath.wadToRay
FNDA:0,WadRayMath.wadToRay
DA:124,0
DA:126,0
BRDA:126,5,0,-
DA:127,0
FN:138,WadRayMath.rayToRad
FNDA:0,WadRayMath.rayToRad
DA:140,0
DA:141,0
DA:142,0
BRDA:142,6,0,-
DA:143,0
FN:154,WadRayMath.radToRay
FNDA:0,WadRayMath.radToRay
DA:157,0
DA:159,0
BRDA:159,7,0,-
DA:160,0
FN:170,WadRayMath.toRad
FNDA:11197927,WadRayMath.toRad
DA:173,11197927
DA:175,11197927
BRDA:175,8,0,-
DA:176,0
FN:186,WadRayMath.fromRad
FNDA:70021,WadRayMath.fromRad
DA:188,70021
DA:189,70021
DA:190,70021
BRDA:190,9,0,35077
DA:191,35077
FNF:10
FNH:5
LF:33
LH:12
BRF:10
BRH:1
end_of_record
TN:
SF:src/dependencies/openzeppelin/Address.sol
FN:41,Address.sendValue
FNDA:0,Address.sendValue
DA:42,0
BRDA:42,0,0,-
DA:43,0
DA:46,0
DA:47,0
BRDA:47,1,0,-
DA:48,0
FN:70,Address.functionCall
FNDA:360393,Address.functionCall
DA:71,360393
FN:83,Address.functionCallWithValue
FNDA:360393,Address.functionCallWithValue
DA:88,360393
BRDA:88,2,0,-
DA:89,0
DA:91,360393
DA:92,360393
FN:99,Address.functionStaticCall
FNDA:0,Address.functionStaticCall
DA:103,0
DA:104,0
FN:111,Address.functionDelegateCall
FNDA:0,Address.functionDelegateCall
DA:112,0
DA:113,0
FN:121,Address.verifyCallResultFromTarget
FNDA:360393,Address.verifyCallResultFromTarget
DA:126,360393
BRDA:126,3,0,-
BRDA:126,3,1,360393
DA:127,0
DA:131,360393
BRDA:131,4,0,-
DA:132,0
DA:134,360393
FN:142,Address.verifyCallResult
FNDA:0,Address.verifyCallResult
DA:146,0
BRDA:146,5,0,-
BRDA:146,5,1,-
DA:147,0
DA:149,0
FN:156,Address._revert
FNDA:0,Address._revert
DA:158,0
BRDA:158,6,0,-
BRDA:158,6,1,-
DA:162,0
DA:163,0
DA:166,0
FNF:8
FNH:3
LF:26
LH:7
BRF:10
BRH:1
end_of_record
TN:
SF:src/dependencies/openzeppelin/Context.sol
FN:17,Context._msgSender
FNDA:630692,Context._msgSender
DA:18,630692
FN:21,Context._msgData
FNDA:0,Context._msgData
DA:22,0
FNF:2
FNH:1
LF:2
LH:1
BRF:0
BRH:0
end_of_record
TN:
SF:src/dependencies/openzeppelin/ERC20.sol
FN:50,ERC20.
FNDA:345,ERC20.
DA:51,345
DA:52,345
FN:58,ERC20.name
FNDA:0,ERC20.name
DA:59,0
FN:66,ERC20.symbol
FNDA:0,ERC20.symbol
DA:67,0
FN:83,ERC20.decimals
FNDA:402,ERC20.decimals
DA:84,402
FN:90,ERC20.totalSupply
FNDA:0,ERC20.totalSupply
DA:91,0
FN:97,ERC20.balanceOf
FNDA:1401400,ERC20.balanceOf
DA:98,1401400
FN:109,ERC20.transfer
FNDA:90133,ERC20.transfer
DA:110,90133
DA:111,90133
DA:112,90133
FN:118,ERC20.allowance
FNDA:0,ERC20.allowance
DA:119,270279
FN:132,ERC20.approve
FNDA:270280,ERC20.approve
DA:133,270280
DA:134,270280
DA:135,270280
FN:154,ERC20.transferFrom
FNDA:270279,ERC20.transferFrom
DA:155,270279
DA:156,270279
DA:157,270279
DA:158,270279
FN:171,ERC20._transfer
FNDA:360412,ERC20._transfer
DA:172,360412
BRDA:172,0,0,-
DA:173,0
DA:175,360412
BRDA:175,1,0,-
DA:176,0
DA:178,360412
FN:188,ERC20._update
FNDA:360412,ERC20._update
DA:189,360412
BRDA:189,2,0,-
BRDA:189,2,1,360412
DA:191,0
DA:193,360412
DA:194,360412
BRDA:194,3,0,-
DA:195,0
DA:199,360412
DA:203,360412
BRDA:203,4,0,-
BRDA:203,4,1,360412
DA:206,0
DA:211,360412
DA:215,360412
FN:226,ERC20._mint
FNDA:0,ERC20._mint
DA:227,0
BRDA:227,5,0,-
DA:228,0
DA:230,0
FN:241,ERC20._burn
FNDA:0,ERC20._burn
DA:242,0
BRDA:242,6,0,-
DA:243,0
DA:245,0
FN:263,ERC20._approve
FNDA:270280,ERC20._approve
DA:264,270280
FN:284,ERC20._approve
FNDA:540413,ERC20._approve
DA:290,540413
BRDA:290,7,0,-
DA:291,0
DA:293,540413
BRDA:293,8,0,-
DA:294,0
DA:296,540413
DA:297,270280
BRDA:297,9,0,270280
DA:298,270280
FN:310,ERC20._spendAllowance
FNDA:270279,ERC20._spendAllowance
DA:311,270279
DA:312,270279
BRDA:312,10,0,270133
DA:313,270133
BRDA:313,11,0,-
DA:314,0
DA:317,270133
FNF:17
FNH:11
LF:52
LH:35
BRF:14
BRH:4
end_of_record
TN:
SF:src/dependencies/openzeppelin/Math.sol
FN:25,Math.tryAdd
FNDA:0,Math.tryAdd
DA:27,0
DA:28,0
DA:29,0
FN:36,Math.trySub
FNDA:0,Math.trySub
DA:38,0
DA:39,0
FN:46,Math.tryMul
FNDA:0,Math.tryMul
DA:51,0
DA:52,0
DA:53,0
DA:54,0
FN:61,Math.tryDiv
FNDA:0,Math.tryDiv
DA:63,0
DA:64,0
FN:71,Math.tryMod
FNDA:0,Math.tryMod
DA:73,0
DA:74,0
FN:81,Math.max
FNDA:0,Math.max
DA:82,0
FN:88,Math.min
FNDA:0,Math.min
DA:89,0
FN:96,Math.average
FNDA:0,Math.average
DA:98,0
FN:107,Math.ceilDiv
FNDA:0,Math.ceilDiv
DA:108,0
BRDA:108,6,0,-
DA:110,0
DA:114,0
FN:123,Math.mulDiv
FNDA:711038,Math.mulDiv
DA:128,711038
DA:129,711038
DA:131,711038
DA:132,711038
DA:136,711038
BRDA:136,7,0,711038
DA:140,711038
DA:144,0
BRDA:144,8,0,-
DA:145,0
DA:153,0
DA:156,0
DA:159,0
DA:160,0
DA:166,0
DA:169,0
DA:172,0
DA:175,0
DA:179,0
DA:184,0
DA:188,0
DA:189,0
DA:190,0
DA:191,0
DA:192,0
DA:193,0
DA:199,0
DA:200,0
FN:207,Math.mulDiv
FNDA:711038,Math.mulDiv
DA:208,711038
DA:209,711038
BRDA:209,9,0,-
DA:210,0
DA:212,711038
FN:221,Math.sqrt
FNDA:0,Math.sqrt
DA:222,0
BRDA:222,10,0,-
DA:223,0
DA:236,0
DA:243,0
DA:244,0
DA:245,0
DA:246,0
DA:247,0
DA:248,0
DA:249,0
DA:250,0
FN:257,Math.sqrt
FNDA:0,Math.sqrt
DA:259,0
DA:260,0
FN:268,Math.log2
FNDA:0,Math.log2
DA:269,0
DA:271,0
DA:272,0
BRDA:272,11,0,-
DA:273,0
DA:275,0
DA:276,0
BRDA:276,12,0,-
DA:277,0
DA:279,0
DA:280,0
BRDA:280,13,0,-
DA:281,0
DA:283,0
DA:284,0
BRDA:284,14,0,-
DA:285,0
DA:287,0
DA:288,0
BRDA:288,15,0,-
DA:289,0
DA:291,0
DA:292,0
BRDA:292,16,0,-
DA:293,0
DA:295,0
DA:296,0
BRDA:296,17,0,-
DA:297,0
DA:299,0
DA:300,0
BRDA:300,18,0,-
DA:303,0
FN:310,Math.log2
FNDA:0,Math.log2
DA:312,0
DA:313,0
FN:321,Math.log10
FNDA:0,Math.log10
DA:322,0
DA:324,0
DA:325,0
BRDA:325,19,0,-
DA:326,0
DA:328,0
DA:329,0
BRDA:329,20,0,-
DA:330,0
DA:332,0
DA:333,0
BRDA:333,21,0,-
DA:334,0
DA:336,0
DA:337,0
BRDA:337,22,0,-
DA:338,0
DA:340,0
DA:341,0
BRDA:341,23,0,-
DA:342,0
DA:344,0
DA:345,0
BRDA:345,24,0,-
DA:346,0
DA:348,0
DA:349,0
BRDA:349,25,0,-
DA:352,0
FN:359,Math.log10
FNDA:0,Math.log10
DA:361,0
DA:362,0
FN:372,Math.log256
FNDA:0,Math.log256
DA:373,0
DA:375,0
DA:376,0
BRDA:376,26,0,-
DA:377,0
DA:379,0
DA:380,0
BRDA:380,27,0,-
DA:381,0
DA:383,0
DA:384,0
BRDA:384,28,0,-
DA:385,0
DA:387,0
DA:388,0
BRDA:388,29,0,-
DA:389,0
DA:391,0
DA:392,0
BRDA:392,30,0,-
DA:395,0
FN:402,Math.log256
FNDA:0,Math.log256
DA:404,0
DA:405,0
FN:412,Math.unsignedRoundsUp
FNDA:711038,Math.unsignedRoundsUp
DA:413,711038
FNF:20
FNH:3
LF:132
LH:10
BRF:25
BRH:1
end_of_record
TN:
SF:src/dependencies/openzeppelin/SafeERC20.sol
FN:40,SafeERC20.safeTransfer
FNDA:90114,SafeERC20.safeTransfer
DA:41,90114
FN:48,SafeERC20.safeTransferFrom
FNDA:270279,SafeERC20.safeTransferFrom
DA:49,270279
FN:56,SafeERC20.safeIncreaseAllowance
FNDA:0,SafeERC20.safeIncreaseAllowance
DA:57,0
DA:58,0
FN:65,SafeERC20.safeDecreaseAllowance
FNDA:0,SafeERC20.safeDecreaseAllowance
DA:71,0
DA:72,0
BRDA:72,0,0,-
DA:73,0
DA:75,0
FN:84,SafeERC20.forceApprove
FNDA:0,SafeERC20.forceApprove
DA:85,0
DA:87,0
BRDA:87,1,0,-
DA:88,0
DA:89,0
FN:99,SafeERC20._callOptionalReturn
FNDA:360393,SafeERC20._callOptionalReturn
DA:104,360393
DA:105,360393
BRDA:105,2,0,-
DA:106,0
FN:118,SafeERC20._callOptionalReturnBool
FNDA:0,SafeERC20._callOptionalReturnBool
DA:123,0
DA:124,0
DA:125,0
DA:127,0
FNF:7
FNH:3
LF:19
LH:4
BRF:3
BRH:0
end_of_record
TN:
SF:tests/BaseTest.t.sol
FN:116,BaseTest.setUp
FNDA:69,BaseTest.setUp
DA:117,69
DA:118,69
DA:119,69
DA:120,69
DA:121,69
DA:122,69
DA:123,69
DA:124,69
DA:125,69
DA:126,69
DA:127,69
FNF:1
FNH:1
LF:11
LH:11
BRF:0
BRH:0
end_of_record
TN:
SF:tests/Utils.t.sol
FN:11,Utils.addAssetAndSpokes
FNDA:201,Utils.addAssetAndSpokes
DA:19,201
DA:20,201
DA:21,201
DA:22,402
DA:23,402
FN:27,Utils.supply
FNDA:15,Utils.supply
DA:35,15
DA:36,15
DA:37,15
DA:38,15
DA:39,15
FN:42,Utils.draw
FNDA:4,Utils.draw
DA:50,4
DA:51,4
DA:52,4
FN:55,Utils.withdraw
FNDA:0,Utils.withdraw
DA:63,0
DA:65,0
DA:66,0
FN:69,Utils.borrow
FNDA:90088,Utils.borrow
DA:77,90088
DA:78,90088
DA:79,90088
FN:83,Utils.spokeSupply
FNDA:270270,Utils.spokeSupply
DA:92,270270
DA:93,270270
DA:94,270270
DA:95,270270
DA:96,270270
FN:98,Utils.setUsingAsCollateral
FNDA:140145,Utils.setUsingAsCollateral
DA:105,140145
DA:106,140145
FN:109,Utils.updateLiquidationThreshold
FNDA:3,Utils.updateLiquidationThreshold
DA:110,3
DA:111,3
DA:112,3
FN:115,Utils.updateLiquidationBonus
FNDA:1,Utils.updateLiquidationBonus
DA:116,1
DA:117,1
DA:118,1
FN:121,Utils.updateCollateral
FNDA:13,Utils.updateCollateral
DA:122,13
DA:123,13
DA:124,13
FN:127,Utils.updateBorrowable
FNDA:1,Utils.updateBorrowable
DA:128,1
DA:129,1
DA:130,1
FN:134,Utils.updateLiquidationProtocolFeePercentage
FNDA:10012,Utils.updateLiquidationProtocolFeePercentage
DA:139,10012
DA:140,10012
DA:141,10012
FNF:12
FNH:11
LF:41
LH:38
BRF:0
BRH:0
end_of_record
TN:
SF:tests/invariant/LiquidityHubHandler.t.sol
FN:35,LiquidityHubHandler.
FNDA:0,LiquidityHubHandler.
DA:36,0
DA:37,0
DA:38,0
DA:39,0
DA:40,0
DA:41,0
DA:42,0
DA:45,0
DA:49,0
FN:56,LiquidityHubHandler.getReserveSupplied
FNDA:0,LiquidityHubHandler.getReserveSupplied
DA:57,0
FN:60,LiquidityHubHandler.getUserSupplied
FNDA:0,LiquidityHubHandler.getUserSupplied
DA:61,0
FN:64,LiquidityHubHandler.getAssetDonated
FNDA:0,LiquidityHubHandler.getAssetDonated
DA:65,0
FN:68,LiquidityHubHandler.getLastExchangeRate
FNDA:0,LiquidityHubHandler.getLastExchangeRate
DA:69,0
FN:72,LiquidityHubHandler.supply
FNDA:0,LiquidityHubHandler.supply
DA:73,0
DA:74,0
DA:75,0
DA:76,0
DA:78,0
DA:79,0
DA:80,0
DA:82,0
DA:83,0
DA:84,0
FN:87,LiquidityHubHandler.withdraw
FNDA:0,LiquidityHubHandler.withdraw
DA:88,0
DA:90,0
DA:92,0
DA:94,0
DA:95,0
DA:96,0
FN:99,LiquidityHubHandler.donate
FNDA:0,LiquidityHubHandler.donate
DA:100,0
DA:101,0
DA:102,0
DA:104,0
DA:106,0
DA:107,0
DA:108,0
DA:110,0
FN:113,LiquidityHubHandler._updateState
FNDA:0,LiquidityHubHandler._updateState
DA:114,0
DA:115,0
FNF:9
FNH:0
LF:39
LH:0
BRF:0
BRH:0
end_of_record
TN:
SF:tests/invariant/LiquidityHubInvariant.t.sol
FN:15,LiquidityHubInvariant.setUp
FNDA:0,LiquidityHubInvariant.setUp
DA:16,0
DA:17,0
DA:18,0
DA:19,0
DA:20,0
DA:21,0
FN:28,LiquidityHubInvariant.skip_invariant_reserveTotalAssets
FNDA:0,LiquidityHubInvariant.skip_invariant_reserveTotalAssets
DA:31,0
DA:32,0
DA:33,0
DA:34,0
DA:35,0
DA:36,0
FN:45,LiquidityHubInvariant.skip_invariant_exchangeRateMonotonicallyIncreasing
FNDA:0,LiquidityHubInvariant.skip_invariant_exchangeRateMonotonicallyIncreasing
DA:47,0
DA:48,0
DA:49,0
DA:50,0
DA:51,0
DA:55,0
FNF:3
FNH:0
LF:18
LH:0
BRF:0
BRH:0
end_of_record
TN:
SF:tests/mocks/MockERC20.sol
FN:10,MockERC20.mint
FNDA:0,MockERC20.mint
DA:11,0
FN:14,MockERC20.burn
FNDA:0,MockERC20.burn
DA:15,0
FNF:2
FNH:0
LF:2
LH:0
BRF:0
BRH:0
end_of_record
TN:
SF:tests/mocks/MockPriceOracle.sol
FN:16,MockPriceOracle.getAssetPrice
FNDA:480617,MockPriceOracle.getAssetPrice
DA:17,480617
FN:20,MockPriceOracle.setAssetPrice
FNDA:241,MockPriceOracle.setAssetPrice
DA:21,241
DA:22,241
FN:25,MockPriceOracle.getEthUsdPrice
FNDA:0,MockPriceOracle.getEthUsdPrice
DA:26,0
FN:29,MockPriceOracle.setEthUsdPrice
FNDA:0,MockPriceOracle.setEthUsdPrice
DA:30,0
DA:31,0
FNF:4
FNH:2
LF:6
LH:3
BRF:0
BRH:0
end_of_record
TN:
SF:tests/mocks/MockSpokeCreditLine.sol
FN:51,MockSpokeCreditLine.
FNDA:24,MockSpokeCreditLine.
DA:52,24
DA:53,24
FN:56,MockSpokeCreditLine.getReserve
FNDA:0,MockSpokeCreditLine.getReserve
DA:57,0
FN:60,MockSpokeCreditLine.getUser
FNDA:0,MockSpokeCreditLine.getUser
DA:61,0
DA:62,0
FN:65,MockSpokeCreditLine.getUserDebt
FNDA:0,MockSpokeCreditLine.getUserDebt
DA:66,0
FN:69,MockSpokeCreditLine._getUserDebt
FNDA:0,MockSpokeCreditLine._getUserDebt
DA:70,0
DA:71,0
DA:72,0
FN:77,MockSpokeCreditLine.getReserveDebt
FNDA:0,MockSpokeCreditLine.getReserveDebt
DA:78,0
DA:79,0
DA:80,0
FN:85,MockSpokeCreditLine.borrow
FNDA:0,MockSpokeCreditLine.borrow
DA:86,0
DA:87,0
DA:90,0
DA:93,0
DA:96,0
DA:98,0
FN:103,MockSpokeCreditLine.repay
FNDA:0,MockSpokeCreditLine.repay
DA:104,0
DA:105,0
DA:106,0
DA:108,0
FN:111,MockSpokeCreditLine.setUsingAsCollateral
FNDA:0,MockSpokeCreditLine.setUsingAsCollateral
FN:115,MockSpokeCreditLine.supply
FNDA:0,MockSpokeCreditLine.supply
FN:119,MockSpokeCreditLine.withdraw
FNDA:0,MockSpokeCreditLine.withdraw
FN:123,MockSpokeCreditLine.getHealthFactor
FNDA:0,MockSpokeCreditLine.getHealthFactor
FN:127,MockSpokeCreditLine.getInterestRate
FNDA:0,MockSpokeCreditLine.getInterestRate
DA:129,0
FN:132,MockSpokeCreditLine.getUserRiskPremium
FNDA:0,MockSpokeCreditLine.getUserRiskPremium
FN:137,MockSpokeCreditLine.addReserve
FNDA:24,MockSpokeCreditLine.addReserve
DA:138,24
DA:139,24
DA:140,24
DA:147,24
FN:161,MockSpokeCreditLine.updateReserve
FNDA:0,MockSpokeCreditLine.updateReserve
DA:163,0
BRDA:163,0,0,-
BRDA:163,0,1,-
DA:165,0
FN:174,MockSpokeCreditLine.updateInterestRateStrategy
FNDA:0,MockSpokeCreditLine.updateInterestRateStrategy
DA:175,0
FN:178,MockSpokeCreditLine._validateBorrow
FNDA:0,MockSpokeCreditLine._validateBorrow
DA:179,0
BRDA:179,1,0,-
BRDA:179,1,1,-
FN:182,MockSpokeCreditLine._updateState
FNDA:0,MockSpokeCreditLine._updateState
DA:188,0
DA:190,0
FN:195,MockSpokeCreditLine._accrueUserInterest
FNDA:0,MockSpokeCreditLine._accrueUserInterest
DA:201,0
DA:209,0
DA:211,0
DA:220,0
FNF:20
FNH:2
LF:37
LH:6
BRF:4
BRH:0
end_of_record
TN:
SF:tests/mocks/MockSpokeExposedMethods.sol
FN:12,MockSpokeExposedMethods.calculateUserAccountData
FNDA:90077,MockSpokeExposedMethods.calculateUserAccountData
DA:15,90077
FN:18,MockSpokeExposedMethods.calculateActualDebtToLiquidate
FNDA:40039,MockSpokeExposedMethods.calculateActualDebtToLiquidate
DA:28,40039
DA:29,40039
FN:46,MockSpokeExposedMethods.calculateAvailableCollateralToLiquidate
FNDA:20023,MockSpokeExposedMethods.calculateAvailableCollateralToLiquidate
DA:53,20023
DA:54,20023
FNF:3
FNH:3
LF:5
LH:5
BRF:0
BRH:0
end_of_record
TN:
SF:tests/unit/SpokeCreditLineTest.t.sol
FN:10,SpokeCreditLineTest.setUp
FNDA:0,SpokeCreditLineTest.setUp
DA:11,0
DA:14,0
DA:18,0
DA:23,0
DA:26,0
DA:30,0
DA:35,0
DA:38,0
DA:40,0
DA:49,0
DA:50,0
DA:54,0
DA:59,0
DA:61,0
FNF:1
FNH:0
LF:14
LH:0
BRF:0
BRH:0
end_of_record
